# JRE version: OpenJDK Runtime Environment (17.0.10) (build 17.0.10+0--11572160)
# Java VM: OpenJDK 64-Bit Server VM (17.0.10+0--11572160, mixed mode, tiered, compressed oops, compressed class ptrs, g1 gc, windows-amd64)
GC Precious Log:
 CPUs: 8 total, 8 available
 Memory: 6030M
 Large Page Support: Disabled
 NUMA Support: Disabled
 Compressed Oops: Enabled (32-bit)
 Heap Region Size: 1M
 Heap Min Capacity: 8M
 Heap Initial Capacity: 96M
 Heap Max Capacity: 2G
 Pre-touch: Disabled
 Parallel Workers: 8
 Concurrent Workers: 2
 Concurrent Refinement Workers: 8
 Periodic GC: Disabled
Heap:
 garbage-first heap   total 184320K, used 120457K [0x0000000080000000, 0x0000000100000000)
  region size 1024K, 5 young (5120K), 5 survivors (5120K)
 Metaspace       used 111708K, committed 112448K, reserved 1179648K
  class space    used 15727K, committed 16128K, reserved 1048576K
GC Heap History (20 events):
Event: 27.722 GC heap after
{Heap after GC invocations=37 (full 0):
 garbage-first heap   total 153600K, used 81992K [0x0000000080000000, 0x0000000100000000)
  region size 1024K, 2 young (2048K), 2 survivors (2048K)
 Metaspace       used 96830K, committed 97536K, reserved 1179648K
  class space    used 13362K, committed 13696K, reserved 1048576K
}
Event: 28.600 GC heap before
{Heap before GC invocations=38 (full 0):
 garbage-first heap   total 153600K, used 123976K [0x0000000080000000, 0x0000000100000000)
  region size 1024K, 43 young (44032K), 2 survivors (2048K)
 Metaspace       used 97316K, committed 98048K, reserved 1179648K
  class space    used 13417K, committed 13760K, reserved 1048576K
}
Event: 28.610 GC heap after
{Heap after GC invocations=39 (full 0):
 garbage-first heap   total 153600K, used 85610K [0x0000000080000000, 0x0000000100000000)
  region size 1024K, 6 young (6144K), 6 survivors (6144K)
 Metaspace       used 97316K, committed 98048K, reserved 1179648K
  class space    used 13417K, committed 13760K, reserved 1048576K
}
Event: 28.623 GC heap before
{Heap before GC invocations=39 (full 0):
 garbage-first heap   total 153600K, used 86634K [0x0000000080000000, 0x0000000100000000)
  region size 1024K, 7 young (7168K), 6 survivors (6144K)
 Metaspace       used 97316K, committed 98048K, reserved 1179648K
  class space    used 13417K, committed 13760K, reserved 1048576K
}
Event: 28.631 GC heap after
{Heap after GC invocations=40 (full 0):
 garbage-first heap   total 153600K, used 84571K [0x0000000080000000, 0x0000000100000000)
  region size 1024K, 1 young (1024K), 1 survivors (1024K)
 Metaspace       used 97316K, committed 98048K, reserved 1179648K
  class space    used 13417K, committed 13760K, reserved 1048576K
}
Event: 29.615 GC heap before
{Heap before GC invocations=40 (full 0):
 garbage-first heap   total 153600K, used 123483K [0x0000000080000000, 0x0000000100000000)
  region size 1024K, 40 young (40960K), 1 survivors (1024K)
 Metaspace       used 97751K, committed 98496K, reserved 1179648K
  class space    used 13456K, committed 13824K, reserved 1048576K
}
Event: 29.623 GC heap after
{Heap after GC invocations=41 (full 0):
 garbage-first heap   total 184320K, used 87788K [0x0000000080000000, 0x0000000100000000)
  region size 1024K, 5 young (5120K), 5 survivors (5120K)
 Metaspace       used 97751K, committed 98496K, reserved 1179648K
  class space    used 13456K, committed 13824K, reserved 1048576K
}
Event: 30.960 GC heap before
{Heap before GC invocations=41 (full 0):
 garbage-first heap   total 184320K, used 146156K [0x0000000080000000, 0x0000000100000000)
  region size 1024K, 63 young (64512K), 5 survivors (5120K)
 Metaspace       used 98591K, committed 99328K, reserved 1179648K
  class space    used 13577K, committed 13952K, reserved 1048576K
}
Event: 30.974 GC heap after
{Heap after GC invocations=42 (full 0):
 garbage-first heap   total 184320K, used 90250K [0x0000000080000000, 0x0000000100000000)
  region size 1024K, 7 young (7168K), 7 survivors (7168K)
 Metaspace       used 98591K, committed 99328K, reserved 1179648K
  class space    used 13577K, committed 13952K, reserved 1048576K
}
Event: 31.987 GC heap before
{Heap before GC invocations=42 (full 0):
 garbage-first heap   total 184320K, used 147594K [0x0000000080000000, 0x0000000100000000)
  region size 1024K, 64 young (65536K), 7 survivors (7168K)
 Metaspace       used 99763K, committed 100480K, reserved 1179648K
  class space    used 13736K, committed 14080K, reserved 1048576K
}
Event: 32.001 GC heap after
{Heap after GC invocations=43 (full 0):
 garbage-first heap   total 184320K, used 94063K [0x0000000080000000, 0x0000000100000000)
  region size 1024K, 7 young (7168K), 7 survivors (7168K)
 Metaspace       used 99763K, committed 100480K, reserved 1179648K
  class space    used 13736K, committed 14080K, reserved 1048576K
}
Event: 32.990 GC heap before
{Heap before GC invocations=43 (full 0):
 garbage-first heap   total 184320K, used 147311K [0x0000000080000000, 0x0000000100000000)
  region size 1024K, 60 young (61440K), 7 survivors (7168K)
 Metaspace       used 102723K, committed 103488K, reserved 1179648K
  class space    used 14182K, committed 14592K, reserved 1048576K
}
Event: 33.000 GC heap after
{Heap after GC invocations=44 (full 0):
 garbage-first heap   total 184320K, used 98972K [0x0000000080000000, 0x0000000100000000)
  region size 1024K, 7 young (7168K), 7 survivors (7168K)
 Metaspace       used 102723K, committed 103488K, reserved 1179648K
  class space    used 14182K, committed 14592K, reserved 1048576K
}
Event: 33.772 GC heap before
{Heap before GC invocations=44 (full 0):
 garbage-first heap   total 184320K, used 148124K [0x0000000080000000, 0x0000000100000000)
  region size 1024K, 56 young (57344K), 7 survivors (7168K)
 Metaspace       used 105648K, committed 106432K, reserved 1179648K
  class space    used 14635K, committed 15040K, reserved 1048576K
}
Event: 33.792 GC heap after
{Heap after GC invocations=45 (full 0):
 garbage-first heap   total 184320K, used 105828K [0x0000000080000000, 0x0000000100000000)
  region size 1024K, 7 young (7168K), 7 survivors (7168K)
 Metaspace       used 105648K, committed 106432K, reserved 1179648K
  class space    used 14635K, committed 15040K, reserved 1048576K
}
Event: 34.421 GC heap before
{Heap before GC invocations=45 (full 0):
 garbage-first heap   total 184320K, used 147812K [0x0000000080000000, 0x0000000100000000)
  region size 1024K, 49 young (50176K), 7 survivors (7168K)
 Metaspace       used 108024K, committed 108736K, reserved 1179648K
  class space    used 14992K, committed 15360K, reserved 1048576K
}
Event: 34.436 GC heap after
{Heap after GC invocations=46 (full 0):
 garbage-first heap   total 184320K, used 111017K [0x0000000080000000, 0x0000000100000000)
  region size 1024K, 5 young (5120K), 5 survivors (5120K)
 Metaspace       used 108024K, committed 108736K, reserved 1179648K
  class space    used 14992K, committed 15360K, reserved 1048576K
}
Event: 35.064 GC heap before
{Heap before GC invocations=46 (full 0):
 garbage-first heap   total 184320K, used 149929K [0x0000000080000000, 0x0000000100000000)
  region size 1024K, 44 young (45056K), 5 survivors (5120K)
 Metaspace       used 110797K, committed 111616K, reserved 1179648K
  class space    used 15569K, committed 16000K, reserved 1048576K
}
Event: 35.078 GC heap after
{Heap after GC invocations=47 (full 0):
 garbage-first heap   total 184320K, used 115709K [0x0000000080000000, 0x0000000100000000)
  region size 1024K, 5 young (5120K), 5 survivors (5120K)
 Metaspace       used 110797K, committed 111616K, reserved 1179648K
  class space    used 15569K, committed 16000K, reserved 1048576K
}
Event: 35.348 GC heap before
{Heap before GC invocations=47 (full 0):
 garbage-first heap   total 184320K, used 150525K [0x0000000080000000, 0x0000000100000000)
  region size 1024K, 40 young (40960K), 5 survivors (5120K)
 Metaspace       used 111708K, committed 112448K, reserved 1179648K
  class space    used 15727K, committed 16128K, reserved 1048576K
}

