# JRE version: OpenJDK Runtime Environment (17.0.10) (build 17.0.10+0--11572160)
# Java VM: OpenJDK 64-Bit Server VM (17.0.10+0--11572160, mixed mode, tiered, compressed oops, compressed class ptrs, g1 gc, windows-amd64)
GC Precious Log:
 CPUs: 8 total, 8 available
 Memory: 6030M
 Large Page Support: Disabled
 NUMA Support: Disabled
 Compressed Oops: Enabled (32-bit)
 Heap Region Size: 1M
 Heap Min Capacity: 8M
 Heap Initial Capacity: 96M
 Heap Max Capacity: 2G
 Pre-touch: Disabled
 Parallel Workers: 8
 Concurrent Workers: 2
 Concurrent Refinement Workers: 8
 Periodic GC: Disabled
Heap:
 garbage-first heap   total 240640K, used 184060K [0x0000000080000000, 0x0000000100000000)
  region size 1024K, 4 young (4096K), 4 survivors (4096K)
 Metaspace       used 122393K, committed 123264K, reserved 1179648K
  class space    used 16769K, committed 17152K, reserved 1048576K
GC Heap History (20 events):
Event: 39.479 GC heap after
{Heap after GC invocations=66 (full 0):
 garbage-first heap   total 240640K, used 153408K [0x0000000080000000, 0x0000000100000000)
  region size 1024K, 7 young (7168K), 7 survivors (7168K)
 Metaspace       used 109577K, committed 110400K, reserved 1179648K
  class space    used 14706K, committed 15104K, reserved 1048576K
}
Event: 40.317 GC heap before
{Heap before GC invocations=66 (full 0):
 garbage-first heap   total 240640K, used 198464K [0x0000000080000000, 0x0000000100000000)
  region size 1024K, 52 young (53248K), 7 survivors (7168K)
 Metaspace       used 110046K, committed 110848K, reserved 1179648K
  class space    used 14766K, committed 15168K, reserved 1048576K
}
Event: 40.327 GC heap after
{Heap after GC invocations=67 (full 0):
 garbage-first heap   total 240640K, used 157008K [0x0000000080000000, 0x0000000100000000)
  region size 1024K, 5 young (5120K), 5 survivors (5120K)
 Metaspace       used 110046K, committed 110848K, reserved 1179648K
  class space    used 14766K, committed 15168K, reserved 1048576K
}
Event: 41.760 GC heap before
{Heap before GC invocations=67 (full 0):
 garbage-first heap   total 240640K, used 201040K [0x0000000080000000, 0x0000000100000000)
  region size 1024K, 47 young (48128K), 5 survivors (5120K)
 Metaspace       used 110533K, committed 111360K, reserved 1179648K
  class space    used 14817K, committed 15232K, reserved 1048576K
}
Event: 41.767 GC heap after
{Heap after GC invocations=68 (full 0):
 garbage-first heap   total 240640K, used 157808K [0x0000000080000000, 0x0000000100000000)
  region size 1024K, 5 young (5120K), 5 survivors (5120K)
 Metaspace       used 110533K, committed 111360K, reserved 1179648K
  class space    used 14817K, committed 15232K, reserved 1048576K
}
Event: 42.193 GC heap before
{Heap before GC invocations=68 (full 0):
 garbage-first heap   total 240640K, used 199792K [0x0000000080000000, 0x0000000100000000)
  region size 1024K, 47 young (48128K), 5 survivors (5120K)
 Metaspace       used 110913K, committed 111808K, reserved 1179648K
  class space    used 14863K, committed 15296K, reserved 1048576K
}
Event: 42.199 GC heap after
{Heap after GC invocations=69 (full 0):
 garbage-first heap   total 240640K, used 158414K [0x0000000080000000, 0x0000000100000000)
  region size 1024K, 3 young (3072K), 3 survivors (3072K)
 Metaspace       used 110913K, committed 111808K, reserved 1179648K
  class space    used 14863K, committed 15296K, reserved 1048576K
}
Event: 42.972 GC heap before
{Heap before GC invocations=69 (full 0):
 garbage-first heap   total 240640K, used 201422K [0x0000000080000000, 0x0000000100000000)
  region size 1024K, 46 young (47104K), 3 survivors (3072K)
 Metaspace       used 111736K, committed 112512K, reserved 1179648K
  class space    used 14981K, committed 15360K, reserved 1048576K
}
Event: 42.979 GC heap after
{Heap after GC invocations=70 (full 0):
 garbage-first heap   total 240640K, used 160539K [0x0000000080000000, 0x0000000100000000)
  region size 1024K, 6 young (6144K), 6 survivors (6144K)
 Metaspace       used 111736K, committed 112512K, reserved 1179648K
  class space    used 14981K, committed 15360K, reserved 1048576K
}
Event: 43.714 GC heap before
{Heap before GC invocations=70 (full 0):
 garbage-first heap   total 240640K, used 201499K [0x0000000080000000, 0x0000000100000000)
  region size 1024K, 47 young (48128K), 6 survivors (6144K)
 Metaspace       used 113798K, committed 114624K, reserved 1179648K
  class space    used 15290K, committed 15680K, reserved 1048576K
}
Event: 43.722 GC heap after
{Heap after GC invocations=71 (full 0):
 garbage-first heap   total 240640K, used 164499K [0x0000000080000000, 0x0000000100000000)
  region size 1024K, 6 young (6144K), 6 survivors (6144K)
 Metaspace       used 113798K, committed 114624K, reserved 1179648K
  class space    used 15290K, committed 15680K, reserved 1048576K
}
Event: 44.277 GC heap before
{Heap before GC invocations=71 (full 0):
 garbage-first heap   total 240640K, used 201363K [0x0000000080000000, 0x0000000100000000)
  region size 1024K, 43 young (44032K), 6 survivors (6144K)
 Metaspace       used 116147K, committed 116992K, reserved 1179648K
  class space    used 15642K, committed 16064K, reserved 1048576K
}
Event: 44.290 GC heap after
{Heap after GC invocations=72 (full 0):
 garbage-first heap   total 240640K, used 169640K [0x0000000080000000, 0x0000000100000000)
  region size 1024K, 6 young (6144K), 6 survivors (6144K)
 Metaspace       used 116147K, committed 116992K, reserved 1179648K
  class space    used 15642K, committed 16064K, reserved 1048576K
}
Event: 44.912 GC heap before
{Heap before GC invocations=72 (full 0):
 garbage-first heap   total 240640K, used 201384K [0x0000000080000000, 0x0000000100000000)
  region size 1024K, 38 young (38912K), 6 survivors (6144K)
 Metaspace       used 118676K, committed 119552K, reserved 1179648K
  class space    used 16063K, committed 16448K, reserved 1048576K
}
Event: 44.929 GC heap after
{Heap after GC invocations=73 (full 0):
 garbage-first heap   total 240640K, used 173041K [0x0000000080000000, 0x0000000100000000)
  region size 1024K, 4 young (4096K), 4 survivors (4096K)
 Metaspace       used 118676K, committed 119552K, reserved 1179648K
  class space    used 16063K, committed 16448K, reserved 1048576K
}
Event: 45.189 GC heap before
{Heap before GC invocations=73 (full 0):
 garbage-first heap   total 240640K, used 203761K [0x0000000080000000, 0x0000000100000000)
  region size 1024K, 34 young (34816K), 4 survivors (4096K)
 Metaspace       used 119526K, committed 120384K, reserved 1179648K
  class space    used 16177K, committed 16576K, reserved 1048576K
}
Event: 45.202 GC heap after
{Heap after GC invocations=74 (full 0):
 garbage-first heap   total 240640K, used 177402K [0x0000000080000000, 0x0000000100000000)
  region size 1024K, 5 young (5120K), 5 survivors (5120K)
 Metaspace       used 119526K, committed 120384K, reserved 1179648K
  class space    used 16177K, committed 16576K, reserved 1048576K
}
Event: 45.691 GC heap before
{Heap before GC invocations=74 (full 0):
 garbage-first heap   total 240640K, used 204026K [0x0000000080000000, 0x0000000100000000)
  region size 1024K, 32 young (32768K), 5 survivors (5120K)
 Metaspace       used 121894K, committed 122752K, reserved 1179648K
  class space    used 16695K, committed 17088K, reserved 1048576K
}
Event: 45.704 GC heap after
{Heap after GC invocations=75 (full 0):
 garbage-first heap   total 240640K, used 180223K [0x0000000080000000, 0x0000000100000000)
  region size 1024K, 3 young (3072K), 3 survivors (3072K)
 Metaspace       used 121894K, committed 122752K, reserved 1179648K
  class space    used 16695K, committed 17088K, reserved 1048576K
}
Event: 45.817 GC heap before
{Heap before GC invocations=75 (full 0):
 garbage-first heap   total 240640K, used 205823K [0x0000000080000000, 0x0000000100000000)
  region size 1024K, 28 young (28672K), 3 survivors (3072K)
 Metaspace       used 122393K, committed 123264K, reserved 1179648K
  class space    used 16769K, committed 17152K, reserved 1048576K
}

