# JRE version: OpenJDK Runtime Environment (17.0.10) (build 17.0.10+0--11572160)
# Java VM: OpenJDK 64-Bit Server VM (17.0.10+0--11572160, mixed mode, tiered, compressed oops, compressed class ptrs, g1 gc, windows-amd64)
GC Precious Log:
 CPUs: 8 total, 8 available
 Memory: 6030M
 Large Page Support: Disabled
 NUMA Support: Disabled
 Compressed Oops: Enabled (32-bit)
 Heap Region Size: 1M
 Heap Min Capacity: 8M
 Heap Initial Capacity: 96M
 Heap Max Capacity: 2G
 Pre-touch: Disabled
 Parallel Workers: 8
 Concurrent Workers: 2
 Concurrent Refinement Workers: 8
 Periodic GC: Disabled
Heap:
 garbage-first heap   total 203776K, used 120196K [0x0000000080000000, 0x0000000100000000)
  region size 1024K, 6 young (6144K), 6 survivors (6144K)
 Metaspace       used 107442K, committed 108160K, reserved 1179648K
  class space    used 14761K, committed 15104K, reserved 1048576K
GC Heap History (20 events):
Event: 16.460 GC heap after
{Heap after GC invocations=32 (full 0):
 garbage-first heap   total 166912K, used 76100K [0x0000000080000000, 0x0000000100000000)
  region size 1024K, 7 young (7168K), 7 survivors (7168K)
 Metaspace       used 92952K, committed 93632K, reserved 1179648K
  class space    used 12911K, committed 13248K, reserved 1048576K
}
Event: 17.372 GC heap before
{Heap before GC invocations=32 (full 0):
 garbage-first heap   total 166912K, used 137540K [0x0000000080000000, 0x0000000100000000)
  region size 1024K, 63 young (64512K), 7 survivors (7168K)
 Metaspace       used 97231K, committed 97984K, reserved 1179648K
  class space    used 13428K, committed 13824K, reserved 1048576K
}
Event: 17.391 GC heap after
{Heap after GC invocations=33 (full 0):
 garbage-first heap   total 166912K, used 83451K [0x0000000080000000, 0x0000000100000000)
  region size 1024K, 8 young (8192K), 8 survivors (8192K)
 Metaspace       used 97231K, committed 97984K, reserved 1179648K
  class space    used 13428K, committed 13824K, reserved 1048576K
}
Event: 17.754 GC heap before
{Heap before GC invocations=33 (full 0):
 garbage-first heap   total 166912K, used 131579K [0x0000000080000000, 0x0000000100000000)
  region size 1024K, 56 young (57344K), 8 survivors (8192K)
 Metaspace       used 97378K, committed 98176K, reserved 1179648K
  class space    used 13433K, committed 13824K, reserved 1048576K
}
Event: 17.769 GC heap after
{Heap after GC invocations=34 (full 0):
 garbage-first heap   total 166912K, used 86245K [0x0000000080000000, 0x0000000100000000)
  region size 1024K, 5 young (5120K), 5 survivors (5120K)
 Metaspace       used 97378K, committed 98176K, reserved 1179648K
  class space    used 13433K, committed 13824K, reserved 1048576K
}
Event: 18.547 GC heap before
{Heap before GC invocations=35 (full 0):
 garbage-first heap   total 166912K, used 134373K [0x0000000080000000, 0x0000000100000000)
  region size 1024K, 51 young (52224K), 5 survivors (5120K)
 Metaspace       used 99597K, committed 100352K, reserved 1179648K
  class space    used 13728K, committed 14080K, reserved 1048576K
}
Event: 18.563 GC heap after
{Heap after GC invocations=36 (full 0):
 garbage-first heap   total 166912K, used 103395K [0x0000000080000000, 0x0000000100000000)
  region size 1024K, 7 young (7168K), 7 survivors (7168K)
 Metaspace       used 99597K, committed 100352K, reserved 1179648K
  class space    used 13728K, committed 14080K, reserved 1048576K
}
Event: 18.576 GC heap before
{Heap before GC invocations=36 (full 0):
 garbage-first heap   total 166912K, used 104419K [0x0000000080000000, 0x0000000100000000)
  region size 1024K, 8 young (8192K), 7 survivors (7168K)
 Metaspace       used 99652K, committed 100480K, reserved 1179648K
  class space    used 13735K, committed 14144K, reserved 1048576K
}
Event: 18.585 GC heap after
{Heap after GC invocations=37 (full 0):
 garbage-first heap   total 166912K, used 103689K [0x0000000080000000, 0x0000000100000000)
  region size 1024K, 1 young (1024K), 1 survivors (1024K)
 Metaspace       used 99652K, committed 100480K, reserved 1179648K
  class space    used 13735K, committed 14144K, reserved 1048576K
}
Event: 18.987 GC heap before
{Heap before GC invocations=37 (full 0):
 garbage-first heap   total 166912K, used 146697K [0x0000000080000000, 0x0000000100000000)
  region size 1024K, 27 young (27648K), 1 survivors (1024K)
 Metaspace       used 100750K, committed 101568K, reserved 1179648K
  class space    used 13845K, committed 14208K, reserved 1048576K
}
Event: 18.994 GC heap after
{Heap after GC invocations=38 (full 0):
 garbage-first heap   total 200704K, used 106674K [0x0000000080000000, 0x0000000100000000)
  region size 1024K, 4 young (4096K), 4 survivors (4096K)
 Metaspace       used 100750K, committed 101568K, reserved 1179648K
  class space    used 13845K, committed 14208K, reserved 1048576K
}
Event: 19.597 GC heap before
{Heap before GC invocations=39 (full 0):
 garbage-first heap   total 203776K, used 152754K [0x0000000080000000, 0x0000000100000000)
  region size 1024K, 50 young (51200K), 4 survivors (4096K)
 Metaspace       used 102587K, committed 103296K, reserved 1179648K
  class space    used 14054K, committed 14400K, reserved 1048576K
}
Event: 19.607 GC heap after
{Heap after GC invocations=40 (full 0):
 garbage-first heap   total 203776K, used 110433K [0x0000000080000000, 0x0000000100000000)
  region size 1024K, 7 young (7168K), 7 survivors (7168K)
 Metaspace       used 102587K, committed 103296K, reserved 1179648K
  class space    used 14054K, committed 14400K, reserved 1048576K
}
Event: 19.619 GC heap before
{Heap before GC invocations=40 (full 0):
 garbage-first heap   total 203776K, used 112481K [0x0000000080000000, 0x0000000100000000)
  region size 1024K, 9 young (9216K), 7 survivors (7168K)
 Metaspace       used 102587K, committed 103296K, reserved 1179648K
  class space    used 14054K, committed 14400K, reserved 1048576K
}
Event: 19.627 GC heap after
{Heap after GC invocations=41 (full 0):
 garbage-first heap   total 203776K, used 109716K [0x0000000080000000, 0x0000000100000000)
  region size 1024K, 2 young (2048K), 2 survivors (2048K)
 Metaspace       used 102587K, committed 103296K, reserved 1179648K
  class space    used 14054K, committed 14400K, reserved 1048576K
}
Event: 20.069 GC heap before
{Heap before GC invocations=41 (full 0):
 garbage-first heap   total 203776K, used 157844K [0x0000000080000000, 0x0000000100000000)
  region size 1024K, 50 young (51200K), 2 survivors (2048K)
 Metaspace       used 103222K, committed 104000K, reserved 1179648K
  class space    used 14114K, committed 14464K, reserved 1048576K
}
Event: 20.076 GC heap after
{Heap after GC invocations=42 (full 0):
 garbage-first heap   total 203776K, used 112642K [0x0000000080000000, 0x0000000100000000)
  region size 1024K, 5 young (5120K), 5 survivors (5120K)
 Metaspace       used 103222K, committed 104000K, reserved 1179648K
  class space    used 14114K, committed 14464K, reserved 1048576K
}
Event: 20.533 GC heap before
{Heap before GC invocations=42 (full 0):
 garbage-first heap   total 203776K, used 159746K [0x0000000080000000, 0x0000000100000000)
  region size 1024K, 52 young (53248K), 5 survivors (5120K)
 Metaspace       used 104624K, committed 105344K, reserved 1179648K
  class space    used 14330K, committed 14656K, reserved 1048576K
}
Event: 20.541 GC heap after
{Heap after GC invocations=43 (full 0):
 garbage-first heap   total 203776K, used 115942K [0x0000000080000000, 0x0000000100000000)
  region size 1024K, 6 young (6144K), 6 survivors (6144K)
 Metaspace       used 104624K, committed 105344K, reserved 1179648K
  class space    used 14330K, committed 14656K, reserved 1048576K
}
Event: 21.138 GC heap before
{Heap before GC invocations=43 (full 0):
 garbage-first heap   total 203776K, used 162022K [0x0000000080000000, 0x0000000100000000)
  region size 1024K, 52 young (53248K), 6 survivors (6144K)
 Metaspace       used 107442K, committed 108160K, reserved 1179648K
  class space    used 14761K, committed 15104K, reserved 1048576K
}

