# JRE version: OpenJDK Runtime Environment (17.0.10) (build 17.0.10+0--11572160)
# Java VM: OpenJDK 64-Bit Server VM (17.0.10+0--11572160, mixed mode, tiered, compressed oops, compressed class ptrs, g1 gc, windows-amd64)
GC Precious Log:
 CPUs: 8 total, 8 available
 Memory: 6030M
 Large Page Support: Disabled
 NUMA Support: Disabled
 Compressed Oops: Enabled (32-bit)
 Heap Region Size: 1M
 Heap Min Capacity: 8M
 Heap Initial Capacity: 96M
 Heap Max Capacity: 2G
 Pre-touch: Disabled
 Parallel Workers: 8
 Concurrent Workers: 2
 Concurrent Refinement Workers: 8
 Periodic GC: Disabled
Heap:
 garbage-first heap   total 164864K, used 109542K [0x0000000080000000, 0x0000000100000000)
  region size 1024K, 5 young (5120K), 5 survivors (5120K)
 Metaspace       used 107908K, committed 108672K, reserved 1179648K
  class space    used 14984K, committed 15360K, reserved 1048576K
GC Heap History (20 events):
Event: 27.197 GC heap after
{Heap after GC invocations=35 (full 0):
 garbage-first heap   total 137216K, used 72405K [0x0000000080000000, 0x0000000100000000)
  region size 1024K, 1 young (1024K), 1 survivors (1024K)
 Metaspace       used 87263K, committed 87936K, reserved 1179648K
  class space    used 12080K, committed 12416K, reserved 1048576K
}
Event: 28.233 GC heap before
{Heap before GC invocations=35 (full 0):
 garbage-first heap   total 137216K, used 114389K [0x0000000080000000, 0x0000000100000000)
  region size 1024K, 42 young (43008K), 1 survivors (1024K)
 Metaspace       used 90511K, committed 91136K, reserved 1179648K
  class space    used 12599K, committed 12864K, reserved 1048576K
}
Event: 28.237 GC heap after
{Heap after GC invocations=36 (full 0):
 garbage-first heap   total 164864K, used 73476K [0x0000000080000000, 0x0000000100000000)
  region size 1024K, 2 young (2048K), 2 survivors (2048K)
 Metaspace       used 90511K, committed 91136K, reserved 1179648K
  class space    used 12599K, committed 12864K, reserved 1048576K
}
Event: 29.935 GC heap before
{Heap before GC invocations=36 (full 0):
 garbage-first heap   total 164864K, used 139012K [0x0000000080000000, 0x0000000100000000)
  region size 1024K, 62 young (63488K), 2 survivors (2048K)
 Metaspace       used 96148K, committed 96896K, reserved 1179648K
  class space    used 13254K, committed 13632K, reserved 1048576K
}
Event: 29.947 GC heap after
{Heap after GC invocations=37 (full 0):
 garbage-first heap   total 164864K, used 79679K [0x0000000080000000, 0x0000000100000000)
  region size 1024K, 8 young (8192K), 8 survivors (8192K)
 Metaspace       used 96148K, committed 96896K, reserved 1179648K
  class space    used 13254K, committed 13632K, reserved 1048576K
}
Event: 31.040 GC heap before
{Heap before GC invocations=37 (full 0):
 garbage-first heap   total 164864K, used 133951K [0x0000000080000000, 0x0000000100000000)
  region size 1024K, 62 young (63488K), 8 survivors (8192K)
 Metaspace       used 97210K, committed 97984K, reserved 1179648K
  class space    used 13414K, committed 13760K, reserved 1048576K
}
Event: 31.054 GC heap after
{Heap after GC invocations=38 (full 0):
 garbage-first heap   total 164864K, used 84522K [0x0000000080000000, 0x0000000100000000)
  region size 1024K, 5 young (5120K), 5 survivors (5120K)
 Metaspace       used 97210K, committed 97984K, reserved 1179648K
  class space    used 13414K, committed 13760K, reserved 1048576K
}
Event: 32.423 GC heap before
{Heap before GC invocations=38 (full 0):
 garbage-first heap   total 164864K, used 133674K [0x0000000080000000, 0x0000000100000000)
  region size 1024K, 54 young (55296K), 5 survivors (5120K)
 Metaspace       used 97868K, committed 98560K, reserved 1179648K
  class space    used 13476K, committed 13824K, reserved 1048576K
}
Event: 32.433 GC heap after
{Heap after GC invocations=39 (full 0):
 garbage-first heap   total 164864K, used 87126K [0x0000000080000000, 0x0000000100000000)
  region size 1024K, 5 young (5120K), 5 survivors (5120K)
 Metaspace       used 97868K, committed 98560K, reserved 1179648K
  class space    used 13476K, committed 13824K, reserved 1048576K
}
Event: 33.113 GC heap before
{Heap before GC invocations=39 (full 0):
 garbage-first heap   total 164864K, used 133206K [0x0000000080000000, 0x0000000100000000)
  region size 1024K, 51 young (52224K), 5 survivors (5120K)
 Metaspace       used 98659K, committed 99392K, reserved 1179648K
  class space    used 13583K, committed 13952K, reserved 1048576K
}
Event: 33.126 GC heap after
{Heap after GC invocations=40 (full 0):
 garbage-first heap   total 164864K, used 89670K [0x0000000080000000, 0x0000000100000000)
  region size 1024K, 5 young (5120K), 5 survivors (5120K)
 Metaspace       used 98659K, committed 99392K, reserved 1179648K
  class space    used 13583K, committed 13952K, reserved 1048576K
}
Event: 33.943 GC heap before
{Heap before GC invocations=40 (full 0):
 garbage-first heap   total 164864K, used 133702K [0x0000000080000000, 0x0000000100000000)
  region size 1024K, 49 young (50176K), 5 survivors (5120K)
 Metaspace       used 99545K, committed 100224K, reserved 1179648K
  class space    used 13696K, committed 14016K, reserved 1048576K
}
Event: 33.955 GC heap after
{Heap after GC invocations=41 (full 0):
 garbage-first heap   total 164864K, used 92859K [0x0000000080000000, 0x0000000100000000)
  region size 1024K, 6 young (6144K), 6 survivors (6144K)
 Metaspace       used 99545K, committed 100224K, reserved 1179648K
  class space    used 13696K, committed 14016K, reserved 1048576K
}
Event: 34.674 GC heap before
{Heap before GC invocations=41 (full 0):
 garbage-first heap   total 164864K, used 132795K [0x0000000080000000, 0x0000000100000000)
  region size 1024K, 46 young (47104K), 6 survivors (6144K)
 Metaspace       used 101874K, committed 102656K, reserved 1179648K
  class space    used 14037K, committed 14400K, reserved 1048576K
}
Event: 34.683 GC heap after
{Heap after GC invocations=42 (full 0):
 garbage-first heap   total 164864K, used 97382K [0x0000000080000000, 0x0000000100000000)
  region size 1024K, 5 young (5120K), 5 survivors (5120K)
 Metaspace       used 101874K, committed 102656K, reserved 1179648K
  class space    used 14037K, committed 14400K, reserved 1048576K
}
Event: 35.304 GC heap before
{Heap before GC invocations=42 (full 0):
 garbage-first heap   total 164864K, used 133222K [0x0000000080000000, 0x0000000100000000)
  region size 1024K, 41 young (41984K), 5 survivors (5120K)
 Metaspace       used 104695K, committed 105472K, reserved 1179648K
  class space    used 14467K, committed 14848K, reserved 1048576K
}
Event: 35.316 GC heap after
{Heap after GC invocations=43 (full 0):
 garbage-first heap   total 164864K, used 101141K [0x0000000080000000, 0x0000000100000000)
  region size 1024K, 4 young (4096K), 4 survivors (4096K)
 Metaspace       used 104695K, committed 105472K, reserved 1179648K
  class space    used 14467K, committed 14848K, reserved 1048576K
}
Event: 35.856 GC heap before
{Heap before GC invocations=43 (full 0):
 garbage-first heap   total 164864K, used 134933K [0x0000000080000000, 0x0000000100000000)
  region size 1024K, 37 young (37888K), 4 survivors (4096K)
 Metaspace       used 106947K, committed 107776K, reserved 1179648K
  class space    used 14872K, committed 15296K, reserved 1048576K
}
Event: 35.869 GC heap after
{Heap after GC invocations=44 (full 0):
 garbage-first heap   total 164864K, used 105321K [0x0000000080000000, 0x0000000100000000)
  region size 1024K, 5 young (5120K), 5 survivors (5120K)
 Metaspace       used 106947K, committed 107776K, reserved 1179648K
  class space    used 14872K, committed 15296K, reserved 1048576K
}
Event: 36.130 GC heap before
{Heap before GC invocations=44 (full 0):
 garbage-first heap   total 164864K, used 133993K [0x0000000080000000, 0x0000000100000000)
  region size 1024K, 34 young (34816K), 5 survivors (5120K)
 Metaspace       used 107908K, committed 108672K, reserved 1179648K
  class space    used 14984K, committed 15360K, reserved 1048576K
}

